Removed Pin From Net: NetName=NCS Pin=P1-1
Removed Pin From Net: NetName=MISO Pin=P1-3
Removed Pin From Net: NetName=1V9 Pin=P1-4
Removed Pin From Net: NetName=MOSI Pin=P1-5
Removed Pin From Net: NetName=3V3 Pin=P1-6
Removed Pin From Net: NetName=SCLK Pin=P1-7
Removed Pin From Net: NetName=NRESET Pin=P1-8
Removed Pin From Net: NetName=MOTION Pin=P1-9
Removed Pin From Net: NetName=GND Pin=P1-10
Removed Pin From Net: NetName=MISO Pin=R1-1
Removed Pin From Net: NetName=3V3 Pin=R1-2
Removed Member From Class: ClassName=main_Rev1 Member=R2
Change Component Footprint: Designator=P1 Old Footprint=HDR2X5 New Footprint=HDR1X2
Change Component Comment : Designator=P1 Old Comment=Header 5X2 New Comment=Header 2
Change Component Designator: OldDesignator=R2 NewDesignator=R1
Added Component: Designator=P2(HDR1X2)
Add component (AddParameter): Name = "LatestRevisionDate"; Value = "17-Jul-2002"; VariantName = "[No Variations]"
Add component (AddParameter): Name = "LatestRevisionNote"; Value = "Re-released for DXP Platform."; VariantName = "[No Variations]"
Add component (AddParameter): Name = "Publisher"; Value = "Altium Limited"; VariantName = "[No Variations]"
Added Component: Designator=P3(HDR1X2)
Add component (AddParameter): Name = "LatestRevisionDate"; Value = "17-Jul-2002"; VariantName = "[No Variations]"
Add component (AddParameter): Name = "LatestRevisionNote"; Value = "Re-released for DXP Platform."; VariantName = "[No Variations]"
Add component (AddParameter): Name = "Publisher"; Value = "Altium Limited"; VariantName = "[No Variations]"
Added Component: Designator=P4(HDR1X2)
Add component (AddParameter): Name = "LatestRevisionDate"; Value = "17-Jul-2002"; VariantName = "[No Variations]"
Add component (AddParameter): Name = "LatestRevisionNote"; Value = "Re-released for DXP Platform."; VariantName = "[No Variations]"
Add component (AddParameter): Name = "Publisher"; Value = "Altium Limited"; VariantName = "[No Variations]"
Added Component: Designator=P5(HDR1X2)
Add component (AddParameter): Name = "LatestRevisionDate"; Value = "17-Jul-2002"; VariantName = "[No Variations]"
Add component (AddParameter): Name = "LatestRevisionNote"; Value = "Re-released for DXP Platform."; VariantName = "[No Variations]"
Add component (AddParameter): Name = "Publisher"; Value = "Altium Limited"; VariantName = "[No Variations]"
Added Pin To Net: NetName=1V9 Pin=P1-1
Added Pin To Net: NetName=3V3 Pin=P1-2
Added Pin To Net: NetName=MISO Pin=P2-1
Added Pin To Net: NetName=MOSI Pin=P2-2
Added Pin To Net: NetName=SCLK Pin=P3-1
Added Pin To Net: NetName=NCS Pin=P3-2
Added Pin To Net: NetName=NRESET Pin=P4-1
Added Pin To Net: NetName=MOTION Pin=P4-2
Added Pin To Net: NetName=GND Pin=P5-1
Added Pin To Net: NetName=GND Pin=P5-2
Change Net Name : Old Net Name=NetR2_1 New Net Name=NetR1_1
Added Member To Class: ClassName=main_Rev1 Member=Component P2 Header 2
Added Member To Class: ClassName=main_Rev1 Member=Component P3 Header 2
Added Member To Class: ClassName=main_Rev1 Member=Component P4 Header 2
Added Member To Class: ClassName=main_Rev1 Member=Component P5 Header 2
