Removed Pin From Net: NetName=NCS Pin=P6-1
Removed Pin From Net: NetName=1V9 Pin=P6-2
Removed Pin From Net: NetName=MISO Pin=P6-3
Removed Pin From Net: NetName=3V3 Pin=P6-4
Removed Pin From Net: NetName=MOSI Pin=P6-5
Removed Pin From Net: NetName=NRESET Pin=P6-6
Removed Pin From Net: NetName=SCLK Pin=P6-7
Removed Pin From Net: NetName=GND Pin=P6-8
Removed Pin From Net: NetName=MOTION Pin=P6-9
Removed Pin From Net: NetName=GND Pin=P6-10
Removed Member From Class: ClassName=main_Rev1 Member=P6
Added Component: Designator=J1(10 pin header)
Added Pin To Net: NetName=NCS Pin=J1-1
Added Pin To Net: NetName=1V9 Pin=J1-2
Added Pin To Net: NetName=MISO Pin=J1-3
Added Pin To Net: NetName=3V3 Pin=J1-4
Added Pin To Net: NetName=MOSI Pin=J1-5
Added Pin To Net: NetName=NRESET Pin=J1-6
Added Pin To Net: NetName=SCLK Pin=J1-7
Added Pin To Net: NetName=GND Pin=J1-8
Added Pin To Net: NetName=MOTION Pin=J1-9
Added Pin To Net: NetName=GND Pin=J1-10
Added Member To Class: ClassName=main_Rev1 Member=Component J1 10 pin header
Added Room: Name=main_Rev1
