Removed Pin From Net: NetName=1V9 Pin=P1-1
Removed Pin From Net: NetName=3V3 Pin=P1-2
Removed Pin From Net: NetName=MISO Pin=P2-1
Removed Pin From Net: NetName=MOSI Pin=P2-2
Removed Pin From Net: NetName=SCLK Pin=P3-1
Removed Pin From Net: NetName=NCS Pin=P3-2
Removed Pin From Net: NetName=NRESET Pin=P4-1
Removed Pin From Net: NetName=GND Pin=P5-1
Removed Pin From Net: NetName=GND Pin=P5-2
Removed Member From Class: ClassName=main_Rev1 Member=P1
Removed Member From Class: ClassName=main_Rev1 Member=P2
Removed Member From Class: ClassName=main_Rev1 Member=P3
Removed Member From Class: ClassName=main_Rev1 Member=P4
Removed Member From Class: ClassName=main_Rev1 Member=P5
Added Pin To Net: NetName=NCS Pin=P6-1
Added Pin To Net: NetName=1V9 Pin=P6-2
Added Pin To Net: NetName=MISO Pin=P6-3
Added Pin To Net: NetName=3V3 Pin=P6-4
Added Pin To Net: NetName=MOSI Pin=P6-5
Added Pin To Net: NetName=NRESET Pin=P6-6
Added Pin To Net: NetName=SCLK Pin=P6-7
Added Pin To Net: NetName=GND Pin=P6-8
Added Pin To Net: NetName=GND Pin=P6-10
Added Pin To Net: NetName=NetP6_9 Pin=P6-9
Added Pin To Net: NetName=NetP6_9 Pin=U1-9
Added Net: Name=NetP6_9
