Added Component: Designator=H2(Hole)
Added Component: Designator=H3(Hole)
Added Component: Designator=H4(Hole)
Added Component: Designator=H5(Hole)
Added Component: Designator=H6(Hole)
Added Component: Designator=H7(Hole)
Added Component: Designator=H8(Hole)
Added Component: Designator=H9(Hole)
Added Component: Designator=H10(Hole)
Added Component: Designator=H11(Hole)
Added Component: Designator=H12(Hole)
Added Component: Designator=H13(Hole)
Added Component: Designator=H14(Hole)
Added Component: Designator=H15(Hole)
Added Component: Designator=H16(Hole)
Added Component: Designator=H17(Hole)
Added Component: Designator=H18(Hole)
Added Component: Designator=H19(Hole)
Added Component: Designator=H20(Hole)
Added Component: Designator=H21(Hole)
Added Component: Designator=H22(Hole)
Added Component: Designator=H23(Hole)
Added Component: Designator=H24(Hole)
Added Component: Designator=H25(Hole)
Added Component: Designator=H26(Hole)
Added Component: Designator=H27(Hole)
Added Component: Designator=H28(Hole)
Added Component: Designator=H29(Hole)
Added Component: Designator=H30(Hole)
Added Component: Designator=H31(Hole)
Added Component: Designator=H32(Hole)
Added Component: Designator=H33(Hole)
Added Component: Designator=H34(Hole)
Added Component: Designator=H35(Hole)
Added Component: Designator=H36(Hole)
Added Component: Designator=H37(Hole)
Added Component: Designator=H38(Hole)
Added Pin To Net: NetName=NetH2_1 Pin=H2-1
Added Pin To Net: NetName=NetH2_1 Pin=U2-20
Added Net: Name=NetH2_1
Added Pin To Net: NetName=NetH3_1 Pin=H3-1
Added Pin To Net: NetName=NetH3_1 Pin=U2-1
Added Net: Name=NetH3_1
Added Pin To Net: NetName=NetH4_1 Pin=H4-1
Added Pin To Net: NetName=NetH4_1 Pin=U2-22
Added Net: Name=NetH4_1
Added Pin To Net: NetName=NetH5_1 Pin=H5-1
Added Pin To Net: NetName=NetH5_1 Pin=U2-2
Added Net: Name=NetH5_1
Added Pin To Net: NetName=NetH6_1 Pin=H6-1
Added Pin To Net: NetName=NetH6_1 Pin=U2-23
Added Net: Name=NetH6_1
Added Pin To Net: NetName=NetH7_1 Pin=H7-1
Added Pin To Net: NetName=NetH7_1 Pin=U2-3
Added Net: Name=NetH7_1
Added Pin To Net: NetName=NetH8_1 Pin=H8-1
Added Pin To Net: NetName=NetH8_1 Pin=U2-24
Added Net: Name=NetH8_1
Added Pin To Net: NetName=NetH9_1 Pin=H9-1
Added Pin To Net: NetName=NetH9_1 Pin=U2-4
Added Net: Name=NetH9_1
Added Pin To Net: NetName=NetH10_1 Pin=H10-1
Added Pin To Net: NetName=NetH10_1 Pin=U2-25
Added Net: Name=NetH10_1
Added Pin To Net: NetName=NetH11_1 Pin=H11-1
Added Pin To Net: NetName=NetH11_1 Pin=U2-5
Added Net: Name=NetH11_1
Added Pin To Net: NetName=NetH12_1 Pin=H12-1
Added Pin To Net: NetName=NetH12_1 Pin=U2-26
Added Net: Name=NetH12_1
Added Pin To Net: NetName=NetH13_1 Pin=H13-1
Added Pin To Net: NetName=NetH13_1 Pin=U2-6
Added Net: Name=NetH13_1
Added Pin To Net: NetName=NetH14_1 Pin=H14-1
Added Pin To Net: NetName=NetH14_1 Pin=U2-27
Added Net: Name=NetH14_1
Added Pin To Net: NetName=NetH15_1 Pin=H15-1
Added Pin To Net: NetName=NetH15_1 Pin=U2-7
Added Net: Name=NetH15_1
Added Pin To Net: NetName=NetH16_1 Pin=H16-1
Added Pin To Net: NetName=NetH16_1 Pin=U2-28
Added Net: Name=NetH16_1
Added Pin To Net: NetName=NetH17_1 Pin=H17-1
Added Pin To Net: NetName=NetH17_1 Pin=U2-8
Added Net: Name=NetH17_1
Added Pin To Net: NetName=NetH18_1 Pin=H18-1
Added Pin To Net: NetName=NetH18_1 Pin=U2-29
Added Net: Name=NetH18_1
Added Pin To Net: NetName=NetH19_1 Pin=H19-1
Added Pin To Net: NetName=NetH19_1 Pin=U2-9
Added Net: Name=NetH19_1
Added Pin To Net: NetName=NetH20_1 Pin=H20-1
Added Pin To Net: NetName=NetH20_1 Pin=U2-30
Added Net: Name=NetH20_1
Added Pin To Net: NetName=NetH21_1 Pin=H21-1
Added Pin To Net: NetName=NetH21_1 Pin=U2-10
Added Net: Name=NetH21_1
Added Pin To Net: NetName=NetH22_1 Pin=H22-1
Added Pin To Net: NetName=NetH22_1 Pin=U2-31
Added Net: Name=NetH22_1
Added Pin To Net: NetName=NetH23_1 Pin=H23-1
Added Pin To Net: NetName=NetH23_1 Pin=U2-11
Added Net: Name=NetH23_1
Added Pin To Net: NetName=NetH24_1 Pin=H24-1
Added Pin To Net: NetName=NetH24_1 Pin=U2-32
Added Net: Name=NetH24_1
Added Pin To Net: NetName=NetH25_1 Pin=H25-1
Added Pin To Net: NetName=NetH25_1 Pin=U2-12
Added Net: Name=NetH25_1
Added Pin To Net: NetName=NetH26_1 Pin=H26-1
Added Pin To Net: NetName=NetH26_1 Pin=U2-33
Added Net: Name=NetH26_1
Added Pin To Net: NetName=NetH27_1 Pin=H27-1
Added Pin To Net: NetName=NetH27_1 Pin=U2-13
Added Net: Name=NetH27_1
Added Pin To Net: NetName=NetH28_1 Pin=H28-1
Added Pin To Net: NetName=NetH28_1 Pin=U2-34
Added Net: Name=NetH28_1
Added Pin To Net: NetName=NetH29_1 Pin=H29-1
Added Pin To Net: NetName=NetH29_1 Pin=U2-14
Added Net: Name=NetH29_1
Added Pin To Net: NetName=NetH30_1 Pin=H30-1
Added Pin To Net: NetName=NetH30_1 Pin=U2-35
Added Net: Name=NetH30_1
Added Pin To Net: NetName=NetH31_1 Pin=H31-1
Added Pin To Net: NetName=NetH31_1 Pin=U2-15
Added Net: Name=NetH31_1
Added Pin To Net: NetName=NetH32_1 Pin=H32-1
Added Pin To Net: NetName=NetH32_1 Pin=U2-36
Added Net: Name=NetH32_1
Added Pin To Net: NetName=NetH33_1 Pin=H33-1
Added Pin To Net: NetName=NetH33_1 Pin=U2-16
Added Net: Name=NetH33_1
Added Pin To Net: NetName=NetH34_1 Pin=H34-1
Added Pin To Net: NetName=NetH34_1 Pin=U2-37
Added Net: Name=NetH34_1
Added Pin To Net: NetName=NetH35_1 Pin=H35-1
Added Pin To Net: NetName=NetH35_1 Pin=U2-17
Added Net: Name=NetH35_1
Added Pin To Net: NetName=NetH36_1 Pin=H36-1
Added Pin To Net: NetName=NetH36_1 Pin=U2-38
Added Net: Name=NetH36_1
Added Pin To Net: NetName=NetH37_1 Pin=H37-1
Added Pin To Net: NetName=NetH37_1 Pin=U2-18
Added Net: Name=NetH37_1
Added Pin To Net: NetName=NetH38_1 Pin=H38-1
Added Pin To Net: NetName=NetH38_1 Pin=U2-19
Added Net: Name=NetH38_1
Added Member To Class: ClassName=main Member=Component H2 Via prove-point/connection
Added Member To Class: ClassName=main Member=Component H3 Via prove-point/connection
Added Member To Class: ClassName=main Member=Component H4 Via prove-point/connection
Added Member To Class: ClassName=main Member=Component H5 Via prove-point/connection
Added Member To Class: ClassName=main Member=Component H6 Via prove-point/connection
Added Member To Class: ClassName=main Member=Component H7 Via prove-point/connection
Added Member To Class: ClassName=main Member=Component H8 Via prove-point/connection
Added Member To Class: ClassName=main Member=Component H9 Via prove-point/connection
Added Member To Class: ClassName=main Member=Component H10 Via prove-point/connection
Added Member To Class: ClassName=main Member=Component H11 Via prove-point/connection
Added Member To Class: ClassName=main Member=Component H12 Via prove-point/connection
Added Member To Class: ClassName=main Member=Component H13 Via prove-point/connection
Added Member To Class: ClassName=main Member=Component H14 Via prove-point/connection
Added Member To Class: ClassName=main Member=Component H15 Via prove-point/connection
Added Member To Class: ClassName=main Member=Component H16 Via prove-point/connection
Added Member To Class: ClassName=main Member=Component H17 Via prove-point/connection
Added Member To Class: ClassName=main Member=Component H18 Via prove-point/connection
Added Member To Class: ClassName=main Member=Component H19 Via prove-point/connection
Added Member To Class: ClassName=main Member=Component H20 Via prove-point/connection
Added Member To Class: ClassName=main Member=Component H21 Via prove-point/connection
Added Member To Class: ClassName=main Member=Component H22 Via prove-point/connection
Added Member To Class: ClassName=main Member=Component H23 Via prove-point/connection
Added Member To Class: ClassName=main Member=Component H24 Via prove-point/connection
Added Member To Class: ClassName=main Member=Component H25 Via prove-point/connection
Added Member To Class: ClassName=main Member=Component H26 Via prove-point/connection
Added Member To Class: ClassName=main Member=Component H27 Via prove-point/connection
Added Member To Class: ClassName=main Member=Component H28 Via prove-point/connection
Added Member To Class: ClassName=main Member=Component H29 Via prove-point/connection
Added Member To Class: ClassName=main Member=Component H30 Via prove-point/connection
Added Member To Class: ClassName=main Member=Component H31 Via prove-point/connection
Added Member To Class: ClassName=main Member=Component H32 Via prove-point/connection
Added Member To Class: ClassName=main Member=Component H33 Via prove-point/connection
Added Member To Class: ClassName=main Member=Component H34 Via prove-point/connection
Added Member To Class: ClassName=main Member=Component H35 Via prove-point/connection
Added Member To Class: ClassName=main Member=Component H36 Via prove-point/connection
Added Member To Class: ClassName=main Member=Component H37 Via prove-point/connection
Added Member To Class: ClassName=main Member=Component H38 Via prove-point/connection
Added Room: Name=main
