Added Component: Designator=LED1(L0603 BLUE)
Add component (AddParameter): Name = "Color"; Value = "Blue"; VariantName = "[No Variations]"
Added Component: Designator=LED2(L0603 BLUE)
Add component (AddParameter): Name = "Color"; Value = "Blue"; VariantName = "[No Variations]"
Added Component: Designator=LED3(L0603 BLUE)
Add component (AddParameter): Name = "Color"; Value = "Blue"; VariantName = "[No Variations]"
Added Component: Designator=LED4(L0603 BLUE)
Add component (AddParameter): Name = "Color"; Value = "Blue"; VariantName = "[No Variations]"
Added Component: Designator=LED5(L0603 BLUE)
Add component (AddParameter): Name = "Color"; Value = "Blue"; VariantName = "[No Variations]"
Added Component: Designator=R3(R0603)
Add component (AddParameter): Name = "Value"; Value = "500R"; VariantName = "[No Variations]"
Added Component: Designator=R4(R0603)
Add component (AddParameter): Name = "Value"; Value = "500R"; VariantName = "[No Variations]"
Added Component: Designator=R5(R0603)
Add component (AddParameter): Name = "Value"; Value = "500R"; VariantName = "[No Variations]"
Added Component: Designator=R6(R0603)
Add component (AddParameter): Name = "Value"; Value = "500R"; VariantName = "[No Variations]"
Added Component: Designator=R7(R0603)
Add component (AddParameter): Name = "Value"; Value = "500R"; VariantName = "[No Variations]"
Added Pin To Net: NetName=GND Pin=LED1-2
Added Pin To Net: NetName=GND Pin=LED2-2
Added Pin To Net: NetName=GND Pin=LED3-2
Added Pin To Net: NetName=GND Pin=LED4-2
Added Pin To Net: NetName=GND Pin=LED5-2
Change Net Name : Old Net Name=NetH22_1 New Net Name=BN_SCL
Change Net Name : Old Net Name=NetH25_1 New Net Name=BN_SDA
Change Net Name : Old Net Name=NetH27_1 New Net Name=BN_RST
Change Net Name : Old Net Name=NetH39_1 New Net Name=BN_3V
Added Pin To Net: NetName=LED1 Pin=H34-1
Added Pin To Net: NetName=LED1 Pin=R3-2
Added Pin To Net: NetName=LED1 Pin=U2-34
Added Net: Name=LED1
Added Pin To Net: NetName=LED2 Pin=H33-1
Added Pin To Net: NetName=LED2 Pin=R4-2
Added Pin To Net: NetName=LED2 Pin=U2-33
Added Net: Name=LED2
Added Pin To Net: NetName=LED3 Pin=H32-1
Added Pin To Net: NetName=LED3 Pin=R5-2
Added Pin To Net: NetName=LED3 Pin=U2-32
Added Net: Name=LED3
Added Pin To Net: NetName=LED4 Pin=H31-1
Added Pin To Net: NetName=LED4 Pin=R6-2
Added Pin To Net: NetName=LED4 Pin=U2-31
Added Net: Name=LED4
Added Pin To Net: NetName=LED5 Pin=H30-1
Added Pin To Net: NetName=LED5 Pin=R7-2
Added Pin To Net: NetName=LED5 Pin=U2-30
Added Net: Name=LED5
Added Pin To Net: NetName=NetLED1_1 Pin=LED1-1
Added Pin To Net: NetName=NetLED1_1 Pin=R3-1
Added Net: Name=NetLED1_1
Added Pin To Net: NetName=NetLED2_1 Pin=LED2-1
Added Pin To Net: NetName=NetLED2_1 Pin=R4-1
Added Net: Name=NetLED2_1
Added Pin To Net: NetName=NetLED3_1 Pin=LED3-1
Added Pin To Net: NetName=NetLED3_1 Pin=R5-1
Added Net: Name=NetLED3_1
Added Pin To Net: NetName=NetLED4_1 Pin=LED4-1
Added Pin To Net: NetName=NetLED4_1 Pin=R6-1
Added Net: Name=NetLED4_1
Added Pin To Net: NetName=NetLED5_1 Pin=LED5-1
Added Pin To Net: NetName=NetLED5_1 Pin=R7-1
Added Net: Name=NetLED5_1
Added Member To Class: ClassName=main Member=Component C2 08053C105KAT2A
Added Member To Class: ClassName=main Member=Component H1 Via prove-point/connection
Added Member To Class: ClassName=main Member=Component H4 Via prove-point/connection
Added Member To Class: ClassName=main Member=Component H6 Via prove-point/connection
Added Member To Class: ClassName=main Member=Component H8 Via prove-point/connection
Added Member To Class: ClassName=main Member=Component H10 Via prove-point/connection
Added Member To Class: ClassName=main Member=Component H12 Via prove-point/connection
Added Member To Class: ClassName=main Member=Component H14 Via prove-point/connection
Added Member To Class: ClassName=main Member=Component H16 Via prove-point/connection
Added Member To Class: ClassName=main Member=Component H17 Via prove-point/connection
Added Member To Class: ClassName=main Member=Component H18 Via prove-point/connection
Added Member To Class: ClassName=main Member=Component H19 Via prove-point/connection
Added Member To Class: ClassName=main Member=Component H31 Via prove-point/connection
Added Member To Class: ClassName=main Member=Component H32 Via prove-point/connection
Added Member To Class: ClassName=main Member=Component H33 Via prove-point/connection
Added Member To Class: ClassName=main Member=Component H34 Via prove-point/connection
Added Member To Class: ClassName=main Member=Component H35 Via prove-point/connection
Added Member To Class: ClassName=main Member=Component H36 Via prove-point/connection
Added Member To Class: ClassName=main Member=Component H37 Via prove-point/connection
Added Member To Class: ClassName=main Member=Component H39 Via prove-point/connection
Added Member To Class: ClassName=main Member=Component H44 Via prove-point/connection
Added Member To Class: ClassName=main Member=Component H45 Via prove-point/connection
Added Member To Class: ClassName=main Member=Component H46 Via prove-point/connection
Added Member To Class: ClassName=main Member=Component LED1 LED Blue
Added Member To Class: ClassName=main Member=Component LED2 LED Blue
Added Member To Class: ClassName=main Member=Component LED3 LED Blue
Added Member To Class: ClassName=main Member=Component LED4 LED Blue
Added Member To Class: ClassName=main Member=Component LED5 LED Blue
Added Member To Class: ClassName=main Member=Component R2 CPF-A-0603B100KE1
Added Member To Class: ClassName=main Member=Component R3 CPF-A-0603B100KE1
Added Member To Class: ClassName=main Member=Component R4 CPF-A-0603B100KE1
Added Member To Class: ClassName=main Member=Component R5 CPF-A-0603B100KE1
Added Member To Class: ClassName=main Member=Component R6 CPF-A-0603B100KE1
Added Member To Class: ClassName=main Member=Component R7 CPF-A-0603B100KE1
Added Member To Class: ClassName=main Member=Component U3 Adafruit BN055
