Removed Pin From Net: NetName=NCS Pin=P1-1
Removed Pin From Net: NetName=1V9 Pin=P1-2
Removed Pin From Net: NetName=MISO Pin=P1-3
Removed Pin From Net: NetName=3v3 Pin=P1-4
Removed Pin From Net: NetName=MOSI Pin=P1-5
Removed Pin From Net: NetName=NRESET Pin=P1-6
Removed Pin From Net: NetName=SCLK Pin=P1-7
Removed Pin From Net: NetName=GND Pin=P1-8
Removed Pin From Net: NetName=MOTION Pin=P1-9
Removed Pin From Net: NetName=GND Pin=P1-10
Change Component Designator: OldDesignator=C1 NewDesignator=C2
Change Component Designator: OldDesignator=C2 NewDesignator=C1
Change Component Designator: OldDesignator=H1 NewDesignator=H20
Change Component Designator: OldDesignator=H2 NewDesignator=H21
Change Component Designator: OldDesignator=H3 NewDesignator=H1
Change Component Designator: OldDesignator=H4 NewDesignator=H22
Change Component Designator: OldDesignator=H5 NewDesignator=H2
Change Component Designator: OldDesignator=H6 NewDesignator=H23
Change Component Designator: OldDesignator=H7 NewDesignator=H3
Change Component Designator: OldDesignator=H8 NewDesignator=H24
Change Component Designator: OldDesignator=H9 NewDesignator=H4
Change Component Designator: OldDesignator=H10 NewDesignator=H25
Change Component Designator: OldDesignator=H11 NewDesignator=H5
Change Component Designator: OldDesignator=H12 NewDesignator=H26
Change Component Designator: OldDesignator=H13 NewDesignator=H6
Change Component Designator: OldDesignator=H14 NewDesignator=H27
Change Component Designator: OldDesignator=H15 NewDesignator=H7
Change Component Designator: OldDesignator=H16 NewDesignator=H28
Change Component Designator: OldDesignator=H17 NewDesignator=H8
Change Component Designator: OldDesignator=H18 NewDesignator=H29
Change Component Designator: OldDesignator=H19 NewDesignator=H9
Change Component Designator: OldDesignator=H20 NewDesignator=H30
Change Component Designator: OldDesignator=H21 NewDesignator=H10
Change Component Designator: OldDesignator=H22 NewDesignator=H31
Change Component Designator: OldDesignator=H23 NewDesignator=H11
Change Component Designator: OldDesignator=H24 NewDesignator=H32
Change Component Designator: OldDesignator=H25 NewDesignator=H12
Change Component Designator: OldDesignator=H26 NewDesignator=H33
Change Component Designator: OldDesignator=H27 NewDesignator=H13
Change Component Designator: OldDesignator=H28 NewDesignator=H34
Change Component Designator: OldDesignator=H29 NewDesignator=H14
Change Component Designator: OldDesignator=H30 NewDesignator=H35
Change Component Designator: OldDesignator=H31 NewDesignator=H15
Change Component Designator: OldDesignator=H32 NewDesignator=H36
Change Component Designator: OldDesignator=H33 NewDesignator=H16
Change Component Designator: OldDesignator=H34 NewDesignator=H37
Change Component Designator: OldDesignator=H35 NewDesignator=H17
Change Component Designator: OldDesignator=H36 NewDesignator=H38
Change Component Designator: OldDesignator=H37 NewDesignator=H18
Change Component Designator: OldDesignator=H38 NewDesignator=H19
Change Component Designator: OldDesignator=H39 NewDesignator=H43
Change Component Designator: OldDesignator=H40 NewDesignator=H44
Change Component Designator: OldDesignator=H41 NewDesignator=H39
Change Component Designator: OldDesignator=H42 NewDesignator=H45
Change Component Designator: OldDesignator=H43 NewDesignator=H46
Change Component Designator: OldDesignator=H44 NewDesignator=H40
Change Component Designator: OldDesignator=H45 NewDesignator=H41
Change Component Designator: OldDesignator=H46 NewDesignator=H42
Change Component Designator: OldDesignator=R1 NewDesignator=R2
Change Component Designator: OldDesignator=R2 NewDesignator=R1
Change Component Designator: OldDesignator=U1 NewDesignator=U3
Change Component Designator: OldDesignator=U3 NewDesignator=U1
Added Component: Designator=J1(5X2 header, 1.27mm, right-angle)
Added Pin To Net: NetName=1V9 Pin=J1-1
Added Pin To Net: NetName=NCS Pin=J1-2
Added Pin To Net: NetName=3v3 Pin=J1-3
Added Pin To Net: NetName=MISO Pin=J1-4
Added Pin To Net: NetName=NRESET Pin=J1-5
Added Pin To Net: NetName=MOSI Pin=J1-6
Added Pin To Net: NetName=GND Pin=J1-7
Added Pin To Net: NetName=SCLK Pin=J1-8
Added Pin To Net: NetName=GND Pin=J1-9
Added Pin To Net: NetName=MOTION Pin=J1-10
Change Net Name : Old Net Name=NetH2_1 New Net Name=NetH21_1
Change Net Name : Old Net Name=NetH4_1 New Net Name=NetH22_1
Change Net Name : Old Net Name=NetH5_1 New Net Name=NetH2_1
Change Net Name : Old Net Name=NetH6_1 New Net Name=NetH23_1
Change Net Name : Old Net Name=NetH7_1 New Net Name=NetH3_1
Change Net Name : Old Net Name=NetH8_1 New Net Name=NetH24_1
Change Net Name : Old Net Name=NetH9_1 New Net Name=NetH4_1
Change Net Name : Old Net Name=NetH10_1 New Net Name=NetH25_1
Change Net Name : Old Net Name=NetH11_1 New Net Name=NetH5_1
Change Net Name : Old Net Name=NetH13_1 New Net Name=NetH6_1
Change Net Name : Old Net Name=NetH14_1 New Net Name=NetH27_1
Change Net Name : Old Net Name=NetH15_1 New Net Name=NetH7_1
Change Net Name : Old Net Name=NetH16_1 New Net Name=NetH28_1
Change Net Name : Old Net Name=NetH17_1 New Net Name=NetH8_1
Change Net Name : Old Net Name=NetH18_1 New Net Name=NetH29_1
Change Net Name : Old Net Name=NetH19_1 New Net Name=NetH9_1
Change Net Name : Old Net Name=NetH20_1 New Net Name=NetH30_1
Change Net Name : Old Net Name=NetH21_1 New Net Name=NetH10_1
Change Net Name : Old Net Name=NetH22_1 New Net Name=NetH31_1
Change Net Name : Old Net Name=NetH24_1 New Net Name=NetH32_1
Change Net Name : Old Net Name=NetH26_1 New Net Name=NetH33_1
Change Net Name : Old Net Name=NetH28_1 New Net Name=NetH34_1
Change Net Name : Old Net Name=NetH30_1 New Net Name=NetH35_1
Change Net Name : Old Net Name=NetH32_1 New Net Name=NetH36_1
Change Net Name : Old Net Name=NetH34_1 New Net Name=NetH37_1
Change Net Name : Old Net Name=NetH36_1 New Net Name=NetH38_1
Change Net Name : Old Net Name=NetH37_1 New Net Name=NetH18_1
Change Net Name : Old Net Name=NetH38_1 New Net Name=NetH19_1
Change Net Name : Old Net Name=NetH39_1 New Net Name=NetH43_1
Change Net Name : Old Net Name=NetH40_1 New Net Name=NetH44_1
Change Net Name : Old Net Name=NetH41_1 New Net Name=NetH39_1
Change Net Name : Old Net Name=NetH42_1 New Net Name=NetH45_1
Change Net Name : Old Net Name=NetH43_1 New Net Name=NetH46_1
Added Member To Class: ClassName=main Member=Component C2 08053C105KAT2A
Added Member To Class: ClassName=main Member=Component H8 Via prove-point/connection
Added Member To Class: ClassName=main Member=Component H9 Via prove-point/connection
Added Member To Class: ClassName=main Member=Component H15 Via prove-point/connection
Added Member To Class: ClassName=main Member=Component H16 Via prove-point/connection
Added Member To Class: ClassName=main Member=Component H17 Via prove-point/connection
Added Member To Class: ClassName=main Member=Component H18 Via prove-point/connection
Added Member To Class: ClassName=main Member=Component H21 Via prove-point/connection
Added Member To Class: ClassName=main Member=Component H25 Via prove-point/connection
Added Member To Class: ClassName=main Member=Component H27 Via prove-point/connection
Added Member To Class: ClassName=main Member=Component H29 Via prove-point/connection
Added Member To Class: ClassName=main Member=Component H31 Via prove-point/connection
Added Member To Class: ClassName=main Member=Component H32 Via prove-point/connection
Added Member To Class: ClassName=main Member=Component H33 Via prove-point/connection
Added Member To Class: ClassName=main Member=Component H34 Via prove-point/connection
Added Member To Class: ClassName=main Member=Component H35 Via prove-point/connection
Added Member To Class: ClassName=main Member=Component H36 Via prove-point/connection
Added Member To Class: ClassName=main Member=Component H37 Via prove-point/connection
Added Member To Class: ClassName=main Member=Component H38 Via prove-point/connection
Added Member To Class: ClassName=main Member=Component H41 Via prove-point/connection
Added Member To Class: ClassName=main Member=Component H44 Via prove-point/connection
Added Member To Class: ClassName=main Member=Component H45 Via prove-point/connection
Added Member To Class: ClassName=main Member=Component H46 Via prove-point/connection
Added Member To Class: ClassName=main Member=Component J1 5X2 header, 1.27mm, right-angle
Added Member To Class: ClassName=main Member=Component R2 CPF-A-0603B100KE1
Added Member To Class: ClassName=main Member=Component U3 Adafruit BN055
Added Room: Name=main
