Change Component Designator: OldDesignator=H1 NewDesignator=H2
Change Component Designator: OldDesignator=H2 NewDesignator=H1
Added Component: Designator=C1(C0603)
Add component (AddParameter): Name = "Value"; Value = "1uF"; VariantName = "[No Variations]"
Added Component: Designator=C2(C0603)
Add component (AddParameter): Name = "Value"; Value = "1uF"; VariantName = "[No Variations]"
Added Component: Designator=P1(61301021121)
Add component (AddParameter): Name = "ComponentLink1Description"; Value = "Manufacturer"; VariantName = "[No Variations]"
Add component (AddParameter): Name = "ComponentLink1URL"; Value = "http://www.we-online.de"; VariantName = "[No Variations]"
Add component (AddParameter): Name = "ComponentLink2Description"; Value = "Datasheet"; VariantName = "[No Variations]"
Add component (AddParameter): Name = "ComponentLink2URL"; Value = "https://www.we-online.com/catalog/datasheet/61301021121.pdf"; VariantName = "[No Variations]"
Add component (AddParameter): Name = "Contact Resistance"; Value = "20mOhm"; VariantName = "[No Variations]"
Add component (AddParameter): Name = "Gender"; Value = "Pin Header"; VariantName = "[No Variations]"
Add component (AddParameter): Name = "Manufacturer"; Value = "Wurth Elektronik"; VariantName = "[No Variations]"
Add component (AddParameter): Name = "Manufacturer Part Number"; Value = "61301021121"; VariantName = "[No Variations]"
Add component (AddParameter): Name = "Mounting Technology"; Value = "THT"; VariantName = "[No Variations]"
Add component (AddParameter): Name = "Operating Temperature"; Value = "-40 to +105degC"; VariantName = "[No Variations]"
Add component (AddParameter): Name = "Orientation"; Value = "Vertical"; VariantName = "[No Variations]"
Add component (AddParameter): Name = "Packaging"; Value = "Bag"; VariantName = "[No Variations]"
Add component (AddParameter): Name = "Pin Number"; Value = "10"; VariantName = "[No Variations]"
Add component (AddParameter): Name = "Pitch"; Value = "2.54mm"; VariantName = "[No Variations]"
Add component (AddParameter): Name = "Published Date"; Value = "May 2020"; VariantName = "[No Variations]"
Add component (AddParameter): Name = "Rated Current"; Value = "3A"; VariantName = "[No Variations]"
Add component (AddParameter): Name = "Row Number"; Value = "Dual"; VariantName = "[No Variations]"
Add component (AddParameter): Name = "Withstanding Voltage"; Value = "500VAC"; VariantName = "[No Variations]"
Add component (AddParameter): Name = "Working Voltage"; Value = "250VAC"; VariantName = "[No Variations]"
Added Component: Designator=R1(R0603)
Add component (AddParameter): Name = "Value"; Value = "10K"; VariantName = "[No Variations]"
Added Component: Designator=R2(R0603)
Add component (AddParameter): Name = "Value"; Value = "10K"; VariantName = "[No Variations]"
Added Pin To Net: NetName=NetH14_1 Pin=R1-1
Added Pin To Net: NetName=NetH4_1 Pin=U1-4
Added Pin To Net: NetName=NetH10_1 Pin=U1-5
Added Pin To Net: NetName=NetH14_1 Pin=U1-6
Change Net Name : Old Net Name=NetH1_1 New Net Name=NetH2_1
Added Pin To Net: NetName=1V9 Pin=C1-2
Added Pin To Net: NetName=1V9 Pin=P1-2
Added Pin To Net: NetName=1V9 Pin=U3-5
Added Net: Name=1V9
Added Pin To Net: NetName=3v3 Pin=C2-2
Added Pin To Net: NetName=3v3 Pin=H3-1
Added Pin To Net: NetName=3v3 Pin=P1-4
Added Pin To Net: NetName=3v3 Pin=R1-2
Added Pin To Net: NetName=3v3 Pin=R2-2
Added Pin To Net: NetName=3v3 Pin=U1-1
Added Pin To Net: NetName=3v3 Pin=U2-1
Added Pin To Net: NetName=3v3 Pin=U3-1
Added Pin To Net: NetName=3v3 Pin=U3-3
Added Net: Name=3v3
Added Pin To Net: NetName=GND Pin=C1-1
Added Pin To Net: NetName=GND Pin=C2-1
Added Pin To Net: NetName=GND Pin=H1-1
Added Pin To Net: NetName=GND Pin=H12-1
Added Pin To Net: NetName=GND Pin=H29-1
Added Pin To Net: NetName=GND Pin=P1-8
Added Pin To Net: NetName=GND Pin=P1-10
Added Pin To Net: NetName=GND Pin=U1-3
Added Pin To Net: NetName=GND Pin=U2-14
Added Pin To Net: NetName=GND Pin=U2-20
Added Pin To Net: NetName=GND Pin=U2-26
Added Pin To Net: NetName=GND Pin=U3-2
Added Net: Name=GND
Added Pin To Net: NetName=MISO Pin=H27-1
Added Pin To Net: NetName=MISO Pin=P1-3
Added Pin To Net: NetName=MISO Pin=R2-1
Added Pin To Net: NetName=MISO Pin=U2-13
Added Net: Name=MISO
Added Pin To Net: NetName=MOSI Pin=H31-1
Added Pin To Net: NetName=MOSI Pin=P1-5
Added Pin To Net: NetName=MOSI Pin=U2-15
Added Net: Name=MOSI
Added Pin To Net: NetName=MOTION Pin=H33-1
Added Pin To Net: NetName=MOTION Pin=P1-9
Added Pin To Net: NetName=MOTION Pin=U2-16
Added Net: Name=MOTION
Added Pin To Net: NetName=NCS Pin=H23-1
Added Pin To Net: NetName=NCS Pin=P1-1
Added Pin To Net: NetName=NCS Pin=U2-11
Added Net: Name=NCS
Added Pin To Net: NetName=NRESET Pin=H35-1
Added Pin To Net: NetName=NRESET Pin=P1-6
Added Pin To Net: NetName=NRESET Pin=U2-17
Added Net: Name=NRESET
Added Pin To Net: NetName=SCLK Pin=H25-1
Added Pin To Net: NetName=SCLK Pin=P1-7
Added Pin To Net: NetName=SCLK Pin=U2-12
Added Net: Name=SCLK
Added Member To Class: ClassName=main Member=Component C1 02016D104KAT2A
Added Member To Class: ClassName=main Member=Component C2 02016D104KAT2A
Added Member To Class: ClassName=main Member=Component P1 61301021121
Added Member To Class: ClassName=main Member=Component R1 CPF-A-0603B100KE1
Added Member To Class: ClassName=main Member=Component R2 CPF-A-0603B100KE1
