Removed Pin From Net: NetName=1V9 Pin=J1-1
Removed Pin From Net: NetName=NCS Pin=J1-2
Removed Pin From Net: NetName=3v3 Pin=J1-3
Removed Pin From Net: NetName=MISO Pin=J1-4
Removed Pin From Net: NetName=NRESET Pin=J1-5
Removed Pin From Net: NetName=MOSI Pin=J1-6
Removed Pin From Net: NetName=GND Pin=J1-7
Removed Pin From Net: NetName=SCLK Pin=J1-8
Removed Pin From Net: NetName=GND Pin=J1-9
Removed Pin From Net: NetName=MOTION Pin=J1-10
Added Component: Designator=R1(R0603)
Add component (AddParameter): Name = "Value"; Value = "10K"; VariantName = "[No Variations]"
Added Pin To Net: NetName=3v3 Pin=J1-1
Added Pin To Net: NetName=1V9 Pin=J1-2
Added Pin To Net: NetName=GND Pin=J1-3
Added Pin To Net: NetName=GND Pin=J1-4
Added Pin To Net: NetName=MISO Pin=J1-5
Added Pin To Net: NetName=NRESET Pin=J1-6
Added Pin To Net: NetName=NCS Pin=J1-7
Added Pin To Net: NetName=MOTION Pin=J1-8
Added Pin To Net: NetName=SCLK Pin=J1-9
Added Pin To Net: NetName=MOSI Pin=J1-10
Added Pin To Net: NetName=MISO Pin=R1-1
Added Pin To Net: NetName=3v3 Pin=R1-2
Added Member To Class: ClassName=main Member=Component R1 CPF-A-0603B100KE1
Added Room: Name=main
