Importer Log Report
Project : Group

Section : Analyze Document - C:\Users\magnu\Documents\Elsys Prosjekt\Elsys_Prosjekt\EagleCAD files\Adafruit-BNO055-Breakout-PCB-master\Adafruit BNO055 STEMMA QT.brd
    Analyzing data of C:\Users\magnu\Documents\Elsys Prosjekt\Elsys_Prosjekt\EagleCAD files\Adafruit-BNO055-Breakout-PCB-master\Adafruit BNO055 STEMMA QT.brd
    Load settings
    Load layers 175
    Load board
    Load Library "microbuilder"
    Load Packages 16
    Load Library "silks"
    Load Packages 1
    Load Library "adafruit2"
    Load Packages 1
    ERROR: Unhandled typemfgpreviewcolors
    ERROR: Unhandled typeerrors
EndSection

Section : Analyze Document - C:\Users\magnu\Documents\Elsys Prosjekt\Elsys_Prosjekt\EagleCAD files\Adafruit-BNO055-Breakout-PCB-master\Adafruit BNO055 STEMMA QT.sch
    Analyzing data of C:\Users\magnu\Documents\Elsys Prosjekt\Elsys_Prosjekt\EagleCAD files\Adafruit-BNO055-Breakout-PCB-master\Adafruit BNO055 STEMMA QT.sch
    Load settings
    Load layers 175
    Load schematic
    Load Libraries 3
    Load Library "microbuilder"
    Load Packages 74
    Load Symbols 17
    Load DeviceSets 17
    Load Library "supply1"
    Load Packages 0
    Load Symbols 2
    Load DeviceSets 2
    Load Library "adafruit2"
    Load Packages 3
    Load Symbols 1
    Load DeviceSets 1
    Load Attributes 0
    Load Classes 3
    Load Parts 57
    Load Sheets 1
    ERROR: Unhandled type <errors>
EndSection

Section : Analyze Document - C:\Users\magnu\Documents\Elsys Prosjekt\Elsys_Prosjekt\EagleCAD files\Adafruit-BNO055-Breakout-PCB-master\Adafruit BNO055.brd
    Analyzing data of C:\Users\magnu\Documents\Elsys Prosjekt\Elsys_Prosjekt\EagleCAD files\Adafruit-BNO055-Breakout-PCB-master\Adafruit BNO055.brd
    Load settings
    Load layers 132
    Load board
    Load Library "microbuilder"
    Load Packages 15
EndSection

Section : Analyze Document - C:\Users\magnu\Documents\Elsys Prosjekt\Elsys_Prosjekt\EagleCAD files\Adafruit-BNO055-Breakout-PCB-master\Adafruit BNO055.sch
    Analyzing data of C:\Users\magnu\Documents\Elsys Prosjekt\Elsys_Prosjekt\EagleCAD files\Adafruit-BNO055-Breakout-PCB-master\Adafruit BNO055.sch
    Load settings
    Load layers 132
    Load schematic
    Load Libraries 1
    Load Library "microbuilder"
    Load Packages 59
    Load Symbols 15
    Load DeviceSets 15
    Load Attributes 0
    Load Classes 1
    Load Parts 53
    Load Sheets 1
    ERROR: Unhandled type <errors>
EndSection
